[debug] [2021-10-30T09:57:38.152Z] ----------------------------------------------------------------------
[debug] [2021-10-30T09:57:38.181Z] Command:       C:\Program Files\nodejs\node.exe C:\Users\md.alamin\AppData\Roaming\npm\node_modules\firebase-tools\lib\bin\firebase.js deploy
[debug] [2021-10-30T09:57:38.182Z] CLI Version:   9.21.0
[debug] [2021-10-30T09:57:38.183Z] Platform:      win32
[debug] [2021-10-30T09:57:38.183Z] Node Version:  v14.17.1
[debug] [2021-10-30T09:57:38.250Z] Time:          Sat Oct 30 2021 15:57:38 GMT+0600 (Bangladesh Standard Time)
[debug] [2021-10-30T09:57:38.251Z] ----------------------------------------------------------------------
[debug] 
[debug] [2021-10-30T09:57:38.870Z] > command requires scopes: ["email","openid","https://www.googleapis.com/auth/cloudplatformprojects.readonly","https://www.googleapis.com/auth/firebase","https://www.googleapis.com/auth/cloud-platform"]
[debug] [2021-10-30T09:57:38.871Z] > authorizing via signed-in user (mdbabulmiah9901@gmail.com)
[debug] [2021-10-30T09:57:38.872Z] [iam] checking project travel-booking-4f19a for permissions ["firebase.projects.get","firebasehosting.sites.update"]
[debug] [2021-10-30T09:57:38.901Z] > refreshing access token with scopes: ["email","https://www.googleapis.com/auth/cloud-platform","https://www.googleapis.com/auth/cloudplatformprojects.readonly","https://www.googleapis.com/auth/firebase","openid"]
[debug] [2021-10-30T09:57:38.903Z] >>> HTTP REQUEST POST https://www.googleapis.com/oauth2/v3/token  
 <request body omitted>
[debug] [2021-10-30T09:57:41.156Z] <<< HTTP RESPONSE 200 {"cache-control":"no-cache, no-store, max-age=0, must-revalidate","pragma":"no-cache","date":"Sat, 30 Oct 2021 09:58:12 GMT","expires":"Mon, 01 Jan 1990 00:00:00 GMT","content-type":"application/json; charset=utf-8","vary":"X-Origin, Referer, Origin,Accept-Encoding","server":"scaffolding on HTTPServer2","x-xss-protection":"0","x-frame-options":"SAMEORIGIN","x-content-type-options":"nosniff","alt-svc":"h3=\":443\"; ma=2592000,h3-29=\":443\"; ma=2592000,h3-Q050=\":443\"; ma=2592000,h3-Q046=\":443\"; ma=2592000,h3-Q043=\":443\"; ma=2592000,quic=\":443\"; ma=2592000; v=\"46,43\"","accept-ranges":"none","transfer-encoding":"chunked"}
[debug] [2021-10-30T09:57:41.275Z] >>> HTTP REQUEST POST https://cloudresourcemanager.googleapis.com/v1/projects/travel-booking-4f19a:testIamPermissions  
 {"permissions":["firebase.projects.get","firebasehosting.sites.update"]}
[debug] [2021-10-30T09:57:43.216Z] <<< HTTP RESPONSE 200 {"content-type":"application/json; charset=UTF-8","vary":"X-Origin, Referer, Origin,Accept-Encoding","date":"Sat, 30 Oct 2021 09:58:14 GMT","server":"ESF","cache-control":"private","x-xss-protection":"0","x-frame-options":"SAMEORIGIN","x-content-type-options":"nosniff","server-timing":"gfet4t7; dur=1188","alt-svc":"h3=\":443\"; ma=2592000,h3-29=\":443\"; ma=2592000,h3-Q050=\":443\"; ma=2592000,h3-Q046=\":443\"; ma=2592000,h3-Q043=\":443\"; ma=2592000,quic=\":443\"; ma=2592000; v=\"46,43\"","accept-ranges":"none","transfer-encoding":"chunked"}
[debug] [2021-10-30T09:57:43.221Z] > refreshing access token with scopes: []
[debug] [2021-10-30T09:57:43.222Z] >>> HTTP REQUEST POST https://www.googleapis.com/oauth2/v3/token  
 <request body omitted>
[debug] [2021-10-30T09:58:04.293Z] Authentication Error: Your credentials are no longer valid. Please run firebase login --reauth

For CI servers and headless environments, generate a new token with firebase login:ci
[debug] [2021-10-30T09:58:04.552Z] FirebaseError: Authentication Error: Your credentials are no longer valid. Please run firebase login --reauth

For CI servers and headless environments, generate a new token with firebase login:ci
    at invalidCredentialError (C:\Users\md.alamin\AppData\Roaming\npm\node_modules\firebase-tools\lib\auth.js:141:12)
    at refreshTokens (C:\Users\md.alamin\AppData\Roaming\npm\node_modules\firebase-tools\lib\auth.js:448:15)
    at processTicksAndRejections (internal/process/task_queues.js:95:5)
    at async Client.getAccessToken (C:\Users\md.alamin\AppData\Roaming\npm\node_modules\firebase-tools\lib\apiv2.js:146:23)
    at async Client.addAuthHeader (C:\Users\md.alamin\AppData\Roaming\npm\node_modules\firebase-tools\lib\apiv2.js:137:21)
    at async Client.request (C:\Users\md.alamin\AppData\Roaming\npm\node_modules\firebase-tools\lib\apiv2.js:93:34)
    at async Object.getFirebaseProject (C:\Users\md.alamin\AppData\Roaming\npm\node_modules\firebase-tools\lib\management\projects.js:290:21)
    at async Object.getDefaultHostingSite (C:\Users\md.alamin\AppData\Roaming\npm\node_modules\firebase-tools\lib\getDefaultHostingSite.js:8:21)
    at async requireHostingSite (C:\Users\md.alamin\AppData\Roaming\npm\node_modules\firebase-tools\lib\requireHostingSite.js:9:18)
    at async Object.fn (C:\Users\md.alamin\AppData\Roaming\npm\node_modules\firebase-tools\lib\commands\deploy.js:65:9)
    at async C:\Users\md.alamin\AppData\Roaming\npm\node_modules\firebase-tools\lib\command.js:188:17
[error] 
[error] Error: Failed to get Firebase project travel-booking-4f19a. Please make sure the project exists and your account has permission to access it.
[debug] [2021-10-30T10:00:50.162Z] ----------------------------------------------------------------------
[debug] [2021-10-30T10:00:50.171Z] Command:       C:\Program Files\nodejs\node.exe C:\Users\md.alamin\AppData\Roaming\npm\node_modules\firebase-tools\lib\bin\firebase.js deploy
[debug] [2021-10-30T10:00:50.173Z] CLI Version:   9.21.0
[debug] [2021-10-30T10:00:50.173Z] Platform:      win32
[debug] [2021-10-30T10:00:50.173Z] Node Version:  v14.17.1
[debug] [2021-10-30T10:00:50.177Z] Time:          Sat Oct 30 2021 16:00:50 GMT+0600 (Bangladesh Standard Time)
[debug] [2021-10-30T10:00:50.177Z] ----------------------------------------------------------------------
[debug] 
[debug] [2021-10-30T10:00:50.422Z] > command requires scopes: ["email","openid","https://www.googleapis.com/auth/cloudplatformprojects.readonly","https://www.googleapis.com/auth/firebase","https://www.googleapis.com/auth/cloud-platform"]
[debug] [2021-10-30T10:00:50.423Z] > authorizing via signed-in user (mdbabulmiah9901@gmail.com)
[debug] [2021-10-30T10:00:50.424Z] [iam] checking project travel-booking-4f19a for permissions ["firebase.projects.get","firebasehosting.sites.update"]
[debug] [2021-10-30T10:00:50.432Z] >>> HTTP REQUEST POST https://cloudresourcemanager.googleapis.com/v1/projects/travel-booking-4f19a:testIamPermissions  
 {"permissions":["firebase.projects.get","firebasehosting.sites.update"]}
[debug] [2021-10-30T10:00:51.824Z] <<< HTTP RESPONSE 200 {"content-type":"application/json; charset=UTF-8","vary":"X-Origin, Referer, Origin,Accept-Encoding","date":"Sat, 30 Oct 2021 10:01:23 GMT","server":"ESF","cache-control":"private","x-xss-protection":"0","x-frame-options":"SAMEORIGIN","x-content-type-options":"nosniff","server-timing":"gfet4t7; dur=1132","alt-svc":"h3=\":443\"; ma=2592000,h3-29=\":443\"; ma=2592000,h3-Q050=\":443\"; ma=2592000,h3-Q046=\":443\"; ma=2592000,h3-Q043=\":443\"; ma=2592000,quic=\":443\"; ma=2592000; v=\"46,43\"","accept-ranges":"none","transfer-encoding":"chunked"}
[debug] [2021-10-30T10:00:51.832Z] > refreshing access token with scopes: []
[debug] [2021-10-30T10:00:51.833Z] >>> HTTP REQUEST POST https://www.googleapis.com/oauth2/v3/token  
 <request body omitted>
[debug] [2021-10-30T10:00:52.093Z] <<< HTTP RESPONSE 200 {"cache-control":"no-cache, no-store, max-age=0, must-revalidate","pragma":"no-cache","date":"Sat, 30 Oct 2021 10:01:23 GMT","expires":"Mon, 01 Jan 1990 00:00:00 GMT","content-type":"application/json; charset=utf-8","vary":"X-Origin, Referer, Origin,Accept-Encoding","server":"scaffolding on HTTPServer2","x-xss-protection":"0","x-frame-options":"SAMEORIGIN","x-content-type-options":"nosniff","alt-svc":"h3=\":443\"; ma=2592000,h3-29=\":443\"; ma=2592000,h3-Q050=\":443\"; ma=2592000,h3-Q046=\":443\"; ma=2592000,h3-Q043=\":443\"; ma=2592000,quic=\":443\"; ma=2592000; v=\"46,43\"","accept-ranges":"none","transfer-encoding":"chunked"}
[debug] [2021-10-30T10:00:52.203Z] >>> [apiv2][query] GET https://firebase.googleapis.com/v1beta1/projects/travel-booking-4f19a [none]
[debug] [2021-10-30T10:00:52.753Z] <<< [apiv2][status] GET https://firebase.googleapis.com/v1beta1/projects/travel-booking-4f19a 200
[debug] [2021-10-30T10:00:52.754Z] <<< [apiv2][body] GET https://firebase.googleapis.com/v1beta1/projects/travel-booking-4f19a {"projectId":"travel-booking-4f19a","projectNumber":"268531361309","displayName":"travel booking","name":"projects/travel-booking-4f19a","resources":{"hostingSite":"travel-booking-4f19a"},"state":"ACTIVE"}
[info] 
[info] === Deploying to 'travel-booking-4f19a'...
[info] 
[info] i  deploying hosting 
[debug] [2021-10-30T10:00:52.777Z] > refreshing access token with scopes: ["email","https://www.googleapis.com/auth/cloud-platform","https://www.googleapis.com/auth/cloudplatformprojects.readonly","https://www.googleapis.com/auth/firebase","openid"]
[debug] [2021-10-30T10:00:52.778Z] >>> HTTP REQUEST POST https://www.googleapis.com/oauth2/v3/token  
 <request body omitted>
[debug] [2021-10-30T10:00:53.034Z] <<< HTTP RESPONSE 200 {"date":"Sat, 30 Oct 2021 10:01:24 GMT","pragma":"no-cache","cache-control":"no-cache, no-store, max-age=0, must-revalidate","expires":"Mon, 01 Jan 1990 00:00:00 GMT","content-type":"application/json; charset=utf-8","vary":"X-Origin, Referer, Origin,Accept-Encoding","server":"scaffolding on HTTPServer2","x-xss-protection":"0","x-frame-options":"SAMEORIGIN","x-content-type-options":"nosniff","alt-svc":"h3=\":443\"; ma=2592000,h3-29=\":443\"; ma=2592000,h3-Q050=\":443\"; ma=2592000,h3-Q046=\":443\"; ma=2592000,h3-Q043=\":443\"; ma=2592000,quic=\":443\"; ma=2592000; v=\"46,43\"","accept-ranges":"none","transfer-encoding":"chunked"}
[debug] [2021-10-30T10:00:53.103Z] >>> HTTP REQUEST POST https://firebasehosting.googleapis.com/v1beta1/sites/travel-booking-4f19a/versions  
 {"config":{},"labels":{"deployment-tool":"cli-firebase"}}
[debug] [2021-10-30T10:00:55.205Z] <<< HTTP RESPONSE 200 {"content-type":"application/json; charset=UTF-8","vary":"X-Origin, Referer, Origin,Accept-Encoding","date":"Sat, 30 Oct 2021 10:01:26 GMT","server":"ESF","cache-control":"private","x-xss-protection":"0","x-frame-options":"SAMEORIGIN","x-content-type-options":"nosniff","alt-svc":"h3=\":443\"; ma=2592000,h3-29=\":443\"; ma=2592000,h3-Q050=\":443\"; ma=2592000,h3-Q046=\":443\"; ma=2592000,h3-Q043=\":443\"; ma=2592000,quic=\":443\"; ma=2592000; v=\"46,43\"","accept-ranges":"none","transfer-encoding":"chunked"}
[info] i  hosting[travel-booking-4f19a]: beginning deploy... 
[info] i  hosting[travel-booking-4f19a]: found 25 files in build 
[debug] [2021-10-30T10:00:55.322Z] [hosting] hash cache [YnVpbGQ] not populated
[debug] [2021-10-30T10:00:56.161Z] > refreshing access token with scopes: []
[debug] [2021-10-30T10:00:56.166Z] >>> HTTP REQUEST POST https://www.googleapis.com/oauth2/v3/token  
 <request body omitted>
[debug] [2021-10-30T10:00:56.182Z] [hosting] hash cache [YnVpbGQ] stored for 25 files
[debug] [2021-10-30T10:00:56.185Z] [hosting][hash queue][FINAL] {"max":789,"min":175,"avg":267.52,"active":0,"complete":25,"success":25,"errored":0,"retried":0,"total":25,"elapsed":857}
[debug] [2021-10-30T10:00:56.442Z] <<< HTTP RESPONSE 200 {"pragma":"no-cache","cache-control":"no-cache, no-store, max-age=0, must-revalidate","expires":"Mon, 01 Jan 1990 00:00:00 GMT","date":"Sat, 30 Oct 2021 10:01:27 GMT","content-type":"application/json; charset=utf-8","vary":"X-Origin, Referer, Origin,Accept-Encoding","server":"scaffolding on HTTPServer2","x-xss-protection":"0","x-frame-options":"SAMEORIGIN","x-content-type-options":"nosniff","alt-svc":"h3=\":443\"; ma=2592000,h3-29=\":443\"; ma=2592000,h3-Q050=\":443\"; ma=2592000,h3-Q046=\":443\"; ma=2592000,h3-Q043=\":443\"; ma=2592000,quic=\":443\"; ma=2592000; v=\"46,43\"","accept-ranges":"none","transfer-encoding":"chunked"}
[debug] [2021-10-30T10:00:56.555Z] >>> [apiv2][query] POST https://firebasehosting.googleapis.com/v1beta1/sites/travel-booking-4f19a/versions/354562498a2abc9e:populateFiles [none]
[debug] [2021-10-30T10:00:56.557Z] >>> [apiv2][body] POST https://firebasehosting.googleapis.com/v1beta1/sites/travel-booking-4f19a/versions/354562498a2abc9e:populateFiles {"files":{"/asset-manifest.json":"5182410754e2c8d7e8f30de5176f5ce12618a131f09d5a4dc0dd26558cfc4760","/index.html":"e865591fb810df90955cc961a6f490c9133a9d19fd608c579b28addb6f394e1b","/logo192.png":"3ee59515172ee198f3be375979df15ac5345183e656720a381b8872b2a39dc8b","/manifest.json":"aff3449bdc238776f5d6d967f19ec491b36aed5fb7f23ccff6500736fd58494a","/robots.txt":"bfe106a3fb878dc83461c86818bf74fc1bdc7f28538ba613cd3e775516ce8b49","/static/css/main.69b4f4e9.chunk.css":"a335ad50a998dfc8245c56b8e90d3dc9a972a58276bd7bd8dc19d91fd29991ba","/logo512.png":"ee7e2f3fdb8209c4b6fd7bef6ba50d1b9dba30a25bb5c3126df057e1cb6f5331","/static/css/main.69b4f4e9.chunk.css.map":"231b29543e2e2dcfd02792891ba784271c0f601379b38cc41344b527728264b0","/static/js/2.ab192671.chunk.js.LICENSE.txt":"68b16697969801057d3e0deb105ae8509867a6ae2629d732d8100d885b17e4c5","/static/js/3.1cd71e64.chunk.js":"8c21f25ac2995b05517e77813fb8e0676562bf3ba815f3bda5c475006cd4620a","/static/js/main.c5912356.chunk.js":"eb2fd37f34c72d7c8f5d450f2d9029e50d206335b8a5828842af44ad3f17f906","/static/js/main.c5912356.chunk.js.map":"72509234cd1d185a2760ae94e736c3d59bf63341fd3436a9528ff993e7e997bd","/static/js/runtime-main.99673c4b.js":"dbe226006df935f5d1d1d57758370f8240696aff66d2162b122a61643aadb720","/static/js/runtime-main.99673c4b.js.map":"9f78ba14ce055f555aeee6506789c884a3b9cc912127c4b527c220a16b721428","/fake.json":"5857ffbed2a6369e12e64fb81864ffa6fc1ed115de562d6266d50c393d28fad9","/static/js/3.1cd71e64.chunk.js.map":"192bf5281c142ec2bf7485104c0dc14c5366f9cb2fe2a38ec03e7acf90549194","/favicon.ico":"eae62e993eb980ec8a25058c39d5a51feab118bd2100c4deebb2a9c158ec11f9","/static/css/2.0a9ec390.chunk.css":"e00cd4cd68f8f88e9a664ea068d294785d52d226ae90c6cfe2476e109af734b2","/static/js/2.ab192671.chunk.js":"d8b9c83a5411e08e2815581b596c8c1411939b946617fc30bd0e37dc697e4256","/static/css/2.0a9ec390.chunk.css.map":"6e3cdf3362e6e01e050aa97c696f365c227135a678ac1bbc7eae52585353ec10","/static/media/pic6.3fee8d5f.aa4d0049.jpg":"3463938187a63390cc7ac2dc0212bae8c67c8fe63897292ce9ee334af91c43a7","/static/media/pic5.fd29e920.71e7544b.jpg":"b663b44e69199ed300ac553ef5ee63eeceaf004344ad11fd0e807ca4931218bd","/static/media/pic4.c553763e.23327117.jpg":"37f1604f71cce75d6b809c3f935e93594a81c24e582c60c27d57aed0f5f3cfed","/static/media/slide3.a89c8d0c.851047a1.jpg":"eb4ac99eb7113540dc56708f4f4a397f1a7333ac3c1a4f5e506521cdcbe58d0e","/static/js/2.ab192671.chunk.js.map":"7216d15172fbfd2578c348331c456e66395b29e90d3436ecee9755f136aea70b"}}
[debug] [2021-10-30T10:00:58.224Z] <<< [apiv2][status] POST https://firebasehosting.googleapis.com/v1beta1/sites/travel-booking-4f19a/versions/354562498a2abc9e:populateFiles 200
[debug] [2021-10-30T10:00:58.226Z] <<< [apiv2][body] POST https://firebasehosting.googleapis.com/v1beta1/sites/travel-booking-4f19a/versions/354562498a2abc9e:populateFiles {"uploadRequiredHashes":["3463938187a63390cc7ac2dc0212bae8c67c8fe63897292ce9ee334af91c43a7","d8b9c83a5411e08e2815581b596c8c1411939b946617fc30bd0e37dc697e4256","a335ad50a998dfc8245c56b8e90d3dc9a972a58276bd7bd8dc19d91fd29991ba","b663b44e69199ed300ac553ef5ee63eeceaf004344ad11fd0e807ca4931218bd","bfe106a3fb878dc83461c86818bf74fc1bdc7f28538ba613cd3e775516ce8b49","231b29543e2e2dcfd02792891ba784271c0f601379b38cc41344b527728264b0","e00cd4cd68f8f88e9a664ea068d294785d52d226ae90c6cfe2476e109af734b2","192bf5281c142ec2bf7485104c0dc14c5366f9cb2fe2a38ec03e7acf90549194","aff3449bdc238776f5d6d967f19ec491b36aed5fb7f23ccff6500736fd58494a","5182410754e2c8d7e8f30de5176f5ce12618a131f09d5a4dc0dd26558cfc4760","8c21f25ac2995b05517e77813fb8e0676562bf3ba815f3bda5c475006cd4620a","e865591fb810df90955cc961a6f490c9133a9d19fd608c579b28addb6f394e1b","5857ffbed2a6369e12e64fb81864ffa6fc1ed115de562d6266d50c393d28fad9","6e3cdf3362e6e01e050aa97c696f365c227135a678ac1bbc7eae52585353ec10","7216d15172fbfd2578c348331c456e66395b29e90d3436ecee9755f136aea70b","37f1604f71cce75d6b809c3f935e93594a81c24e582c60c27d57aed0f5f3cfed","dbe226006df935f5d1d1d57758370f8240696aff66d2162b122a61643aadb720","3ee59515172ee198f3be375979df15ac5345183e656720a381b8872b2a39dc8b","9f78ba14ce055f555aeee6506789c884a3b9cc912127c4b527c220a16b721428","68b16697969801057d3e0deb105ae8509867a6ae2629d732d8100d885b17e4c5","eb2fd37f34c72d7c8f5d450f2d9029e50d206335b8a5828842af44ad3f17f906","ee7e2f3fdb8209c4b6fd7bef6ba50d1b9dba30a25bb5c3126df057e1cb6f5331","eae62e993eb980ec8a25058c39d5a51feab118bd2100c4deebb2a9c158ec11f9","eb4ac99eb7113540dc56708f4f4a397f1a7333ac3c1a4f5e506521cdcbe58d0e","72509234cd1d185a2760ae94e736c3d59bf63341fd3436a9528ff993e7e997bd"],"uploadUrl":"https://upload-firebasehosting.googleapis.com/upload/sites/travel-booking-4f19a/versions/354562498a2abc9e/files"}
[debug] [2021-10-30T10:00:58.265Z] >>> [apiv2][query] POST https://upload-firebasehosting.googleapis.com/upload/sites/travel-booking-4f19a/versions/354562498a2abc9e/files/3463938187a63390cc7ac2dc0212bae8c67c8fe63897292ce9ee334af91c43a7 [none]
[debug] [2021-10-30T10:00:58.266Z] >>> [apiv2][body] POST https://upload-firebasehosting.googleapis.com/upload/sites/travel-booking-4f19a/versions/354562498a2abc9e/files/3463938187a63390cc7ac2dc0212bae8c67c8fe63897292ce9ee334af91c43a7 [stream]
[debug] [2021-10-30T10:00:58.275Z] >>> [apiv2][query] POST https://upload-firebasehosting.googleapis.com/upload/sites/travel-booking-4f19a/versions/354562498a2abc9e/files/d8b9c83a5411e08e2815581b596c8c1411939b946617fc30bd0e37dc697e4256 [none]
[debug] [2021-10-30T10:00:58.276Z] >>> [apiv2][body] POST https://upload-firebasehosting.googleapis.com/upload/sites/travel-booking-4f19a/versions/354562498a2abc9e/files/d8b9c83a5411e08e2815581b596c8c1411939b946617fc30bd0e37dc697e4256 [stream]
[debug] [2021-10-30T10:00:58.282Z] >>> [apiv2][query] POST https://upload-firebasehosting.googleapis.com/upload/sites/travel-booking-4f19a/versions/354562498a2abc9e/files/a335ad50a998dfc8245c56b8e90d3dc9a972a58276bd7bd8dc19d91fd29991ba [none]
[debug] [2021-10-30T10:00:58.282Z] >>> [apiv2][body] POST https://upload-firebasehosting.googleapis.com/upload/sites/travel-booking-4f19a/versions/354562498a2abc9e/files/a335ad50a998dfc8245c56b8e90d3dc9a972a58276bd7bd8dc19d91fd29991ba [stream]
[debug] [2021-10-30T10:00:58.293Z] >>> [apiv2][query] POST https://upload-firebasehosting.googleapis.com/upload/sites/travel-booking-4f19a/versions/354562498a2abc9e/files/b663b44e69199ed300ac553ef5ee63eeceaf004344ad11fd0e807ca4931218bd [none]
[debug] [2021-10-30T10:00:58.294Z] >>> [apiv2][body] POST https://upload-firebasehosting.googleapis.com/upload/sites/travel-booking-4f19a/versions/354562498a2abc9e/files/b663b44e69199ed300ac553ef5ee63eeceaf004344ad11fd0e807ca4931218bd [stream]
[debug] [2021-10-30T10:00:58.305Z] >>> [apiv2][query] POST https://upload-firebasehosting.googleapis.com/upload/sites/travel-booking-4f19a/versions/354562498a2abc9e/files/bfe106a3fb878dc83461c86818bf74fc1bdc7f28538ba613cd3e775516ce8b49 [none]
[debug] [2021-10-30T10:00:58.306Z] >>> [apiv2][body] POST https://upload-firebasehosting.googleapis.com/upload/sites/travel-booking-4f19a/versions/354562498a2abc9e/files/bfe106a3fb878dc83461c86818bf74fc1bdc7f28538ba613cd3e775516ce8b49 [stream]
[debug] [2021-10-30T10:00:58.311Z] >>> [apiv2][query] POST https://upload-firebasehosting.googleapis.com/upload/sites/travel-booking-4f19a/versions/354562498a2abc9e/files/231b29543e2e2dcfd02792891ba784271c0f601379b38cc41344b527728264b0 [none]
[debug] [2021-10-30T10:00:58.311Z] >>> [apiv2][body] POST https://upload-firebasehosting.googleapis.com/upload/sites/travel-booking-4f19a/versions/354562498a2abc9e/files/231b29543e2e2dcfd02792891ba784271c0f601379b38cc41344b527728264b0 [stream]
[debug] [2021-10-30T10:00:58.316Z] >>> [apiv2][query] POST https://upload-firebasehosting.googleapis.com/upload/sites/travel-booking-4f19a/versions/354562498a2abc9e/files/e00cd4cd68f8f88e9a664ea068d294785d52d226ae90c6cfe2476e109af734b2 [none]
[debug] [2021-10-30T10:00:58.317Z] >>> [apiv2][body] POST https://upload-firebasehosting.googleapis.com/upload/sites/travel-booking-4f19a/versions/354562498a2abc9e/files/e00cd4cd68f8f88e9a664ea068d294785d52d226ae90c6cfe2476e109af734b2 [stream]
[debug] [2021-10-30T10:00:58.321Z] >>> [apiv2][query] POST https://upload-firebasehosting.googleapis.com/upload/sites/travel-booking-4f19a/versions/354562498a2abc9e/files/192bf5281c142ec2bf7485104c0dc14c5366f9cb2fe2a38ec03e7acf90549194 [none]
[debug] [2021-10-30T10:00:58.321Z] >>> [apiv2][body] POST https://upload-firebasehosting.googleapis.com/upload/sites/travel-booking-4f19a/versions/354562498a2abc9e/files/192bf5281c142ec2bf7485104c0dc14c5366f9cb2fe2a38ec03e7acf90549194 [stream]
[debug] [2021-10-30T10:00:58.326Z] >>> [apiv2][query] POST https://upload-firebasehosting.googleapis.com/upload/sites/travel-booking-4f19a/versions/354562498a2abc9e/files/aff3449bdc238776f5d6d967f19ec491b36aed5fb7f23ccff6500736fd58494a [none]
[debug] [2021-10-30T10:00:58.327Z] >>> [apiv2][body] POST https://upload-firebasehosting.googleapis.com/upload/sites/travel-booking-4f19a/versions/354562498a2abc9e/files/aff3449bdc238776f5d6d967f19ec491b36aed5fb7f23ccff6500736fd58494a [stream]
[debug] [2021-10-30T10:00:58.331Z] >>> [apiv2][query] POST https://upload-firebasehosting.googleapis.com/upload/sites/travel-booking-4f19a/versions/354562498a2abc9e/files/5182410754e2c8d7e8f30de5176f5ce12618a131f09d5a4dc0dd26558cfc4760 [none]
[debug] [2021-10-30T10:00:58.331Z] >>> [apiv2][body] POST https://upload-firebasehosting.googleapis.com/upload/sites/travel-booking-4f19a/versions/354562498a2abc9e/files/5182410754e2c8d7e8f30de5176f5ce12618a131f09d5a4dc0dd26558cfc4760 [stream]
[debug] [2021-10-30T10:00:58.335Z] >>> [apiv2][query] POST https://upload-firebasehosting.googleapis.com/upload/sites/travel-booking-4f19a/versions/354562498a2abc9e/files/8c21f25ac2995b05517e77813fb8e0676562bf3ba815f3bda5c475006cd4620a [none]
[debug] [2021-10-30T10:00:58.336Z] >>> [apiv2][body] POST https://upload-firebasehosting.googleapis.com/upload/sites/travel-booking-4f19a/versions/354562498a2abc9e/files/8c21f25ac2995b05517e77813fb8e0676562bf3ba815f3bda5c475006cd4620a [stream]
[debug] [2021-10-30T10:00:58.340Z] >>> [apiv2][query] POST https://upload-firebasehosting.googleapis.com/upload/sites/travel-booking-4f19a/versions/354562498a2abc9e/files/e865591fb810df90955cc961a6f490c9133a9d19fd608c579b28addb6f394e1b [none]
[debug] [2021-10-30T10:00:58.341Z] >>> [apiv2][body] POST https://upload-firebasehosting.googleapis.com/upload/sites/travel-booking-4f19a/versions/354562498a2abc9e/files/e865591fb810df90955cc961a6f490c9133a9d19fd608c579b28addb6f394e1b [stream]
[debug] [2021-10-30T10:00:58.345Z] >>> [apiv2][query] POST https://upload-firebasehosting.googleapis.com/upload/sites/travel-booking-4f19a/versions/354562498a2abc9e/files/5857ffbed2a6369e12e64fb81864ffa6fc1ed115de562d6266d50c393d28fad9 [none]
[debug] [2021-10-30T10:00:58.345Z] >>> [apiv2][body] POST https://upload-firebasehosting.googleapis.com/upload/sites/travel-booking-4f19a/versions/354562498a2abc9e/files/5857ffbed2a6369e12e64fb81864ffa6fc1ed115de562d6266d50c393d28fad9 [stream]
[debug] [2021-10-30T10:00:58.349Z] >>> [apiv2][query] POST https://upload-firebasehosting.googleapis.com/upload/sites/travel-booking-4f19a/versions/354562498a2abc9e/files/6e3cdf3362e6e01e050aa97c696f365c227135a678ac1bbc7eae52585353ec10 [none]
[debug] [2021-10-30T10:00:58.350Z] >>> [apiv2][body] POST https://upload-firebasehosting.googleapis.com/upload/sites/travel-booking-4f19a/versions/354562498a2abc9e/files/6e3cdf3362e6e01e050aa97c696f365c227135a678ac1bbc7eae52585353ec10 [stream]
[debug] [2021-10-30T10:00:58.354Z] >>> [apiv2][query] POST https://upload-firebasehosting.googleapis.com/upload/sites/travel-booking-4f19a/versions/354562498a2abc9e/files/7216d15172fbfd2578c348331c456e66395b29e90d3436ecee9755f136aea70b [none]
[debug] [2021-10-30T10:00:58.354Z] >>> [apiv2][body] POST https://upload-firebasehosting.googleapis.com/upload/sites/travel-booking-4f19a/versions/354562498a2abc9e/files/7216d15172fbfd2578c348331c456e66395b29e90d3436ecee9755f136aea70b [stream]
[debug] [2021-10-30T10:00:58.359Z] >>> [apiv2][query] POST https://upload-firebasehosting.googleapis.com/upload/sites/travel-booking-4f19a/versions/354562498a2abc9e/files/37f1604f71cce75d6b809c3f935e93594a81c24e582c60c27d57aed0f5f3cfed [none]
[debug] [2021-10-30T10:00:58.359Z] >>> [apiv2][body] POST https://upload-firebasehosting.googleapis.com/upload/sites/travel-booking-4f19a/versions/354562498a2abc9e/files/37f1604f71cce75d6b809c3f935e93594a81c24e582c60c27d57aed0f5f3cfed [stream]
[debug] [2021-10-30T10:00:58.363Z] >>> [apiv2][query] POST https://upload-firebasehosting.googleapis.com/upload/sites/travel-booking-4f19a/versions/354562498a2abc9e/files/dbe226006df935f5d1d1d57758370f8240696aff66d2162b122a61643aadb720 [none]
[debug] [2021-10-30T10:00:58.363Z] >>> [apiv2][body] POST https://upload-firebasehosting.googleapis.com/upload/sites/travel-booking-4f19a/versions/354562498a2abc9e/files/dbe226006df935f5d1d1d57758370f8240696aff66d2162b122a61643aadb720 [stream]
[debug] [2021-10-30T10:00:58.368Z] >>> [apiv2][query] POST https://upload-firebasehosting.googleapis.com/upload/sites/travel-booking-4f19a/versions/354562498a2abc9e/files/3ee59515172ee198f3be375979df15ac5345183e656720a381b8872b2a39dc8b [none]
[debug] [2021-10-30T10:00:58.368Z] >>> [apiv2][body] POST https://upload-firebasehosting.googleapis.com/upload/sites/travel-booking-4f19a/versions/354562498a2abc9e/files/3ee59515172ee198f3be375979df15ac5345183e656720a381b8872b2a39dc8b [stream]
[debug] [2021-10-30T10:00:58.376Z] >>> [apiv2][query] POST https://upload-firebasehosting.googleapis.com/upload/sites/travel-booking-4f19a/versions/354562498a2abc9e/files/9f78ba14ce055f555aeee6506789c884a3b9cc912127c4b527c220a16b721428 [none]
[debug] [2021-10-30T10:00:58.376Z] >>> [apiv2][body] POST https://upload-firebasehosting.googleapis.com/upload/sites/travel-booking-4f19a/versions/354562498a2abc9e/files/9f78ba14ce055f555aeee6506789c884a3b9cc912127c4b527c220a16b721428 [stream]
[debug] [2021-10-30T10:00:58.382Z] >>> [apiv2][query] POST https://upload-firebasehosting.googleapis.com/upload/sites/travel-booking-4f19a/versions/354562498a2abc9e/files/68b16697969801057d3e0deb105ae8509867a6ae2629d732d8100d885b17e4c5 [none]
[debug] [2021-10-30T10:00:58.382Z] >>> [apiv2][body] POST https://upload-firebasehosting.googleapis.com/upload/sites/travel-booking-4f19a/versions/354562498a2abc9e/files/68b16697969801057d3e0deb105ae8509867a6ae2629d732d8100d885b17e4c5 [stream]
[debug] [2021-10-30T10:00:58.392Z] >>> [apiv2][query] POST https://upload-firebasehosting.googleapis.com/upload/sites/travel-booking-4f19a/versions/354562498a2abc9e/files/eb2fd37f34c72d7c8f5d450f2d9029e50d206335b8a5828842af44ad3f17f906 [none]
[debug] [2021-10-30T10:00:58.392Z] >>> [apiv2][body] POST https://upload-firebasehosting.googleapis.com/upload/sites/travel-booking-4f19a/versions/354562498a2abc9e/files/eb2fd37f34c72d7c8f5d450f2d9029e50d206335b8a5828842af44ad3f17f906 [stream]
[debug] [2021-10-30T10:00:58.396Z] >>> [apiv2][query] POST https://upload-firebasehosting.googleapis.com/upload/sites/travel-booking-4f19a/versions/354562498a2abc9e/files/ee7e2f3fdb8209c4b6fd7bef6ba50d1b9dba30a25bb5c3126df057e1cb6f5331 [none]
[debug] [2021-10-30T10:00:58.396Z] >>> [apiv2][body] POST https://upload-firebasehosting.googleapis.com/upload/sites/travel-booking-4f19a/versions/354562498a2abc9e/files/ee7e2f3fdb8209c4b6fd7bef6ba50d1b9dba30a25bb5c3126df057e1cb6f5331 [stream]
[debug] [2021-10-30T10:00:58.400Z] >>> [apiv2][query] POST https://upload-firebasehosting.googleapis.com/upload/sites/travel-booking-4f19a/versions/354562498a2abc9e/files/eae62e993eb980ec8a25058c39d5a51feab118bd2100c4deebb2a9c158ec11f9 [none]
[debug] [2021-10-30T10:00:58.400Z] >>> [apiv2][body] POST https://upload-firebasehosting.googleapis.com/upload/sites/travel-booking-4f19a/versions/354562498a2abc9e/files/eae62e993eb980ec8a25058c39d5a51feab118bd2100c4deebb2a9c158ec11f9 [stream]
[debug] [2021-10-30T10:00:58.404Z] >>> [apiv2][query] POST https://upload-firebasehosting.googleapis.com/upload/sites/travel-booking-4f19a/versions/354562498a2abc9e/files/eb4ac99eb7113540dc56708f4f4a397f1a7333ac3c1a4f5e506521cdcbe58d0e [none]
[debug] [2021-10-30T10:00:58.405Z] >>> [apiv2][body] POST https://upload-firebasehosting.googleapis.com/upload/sites/travel-booking-4f19a/versions/354562498a2abc9e/files/eb4ac99eb7113540dc56708f4f4a397f1a7333ac3c1a4f5e506521cdcbe58d0e [stream]
[debug] [2021-10-30T10:00:58.409Z] >>> [apiv2][query] POST https://upload-firebasehosting.googleapis.com/upload/sites/travel-booking-4f19a/versions/354562498a2abc9e/files/72509234cd1d185a2760ae94e736c3d59bf63341fd3436a9528ff993e7e997bd [none]
[debug] [2021-10-30T10:00:58.409Z] >>> [apiv2][body] POST https://upload-firebasehosting.googleapis.com/upload/sites/travel-booking-4f19a/versions/354562498a2abc9e/files/72509234cd1d185a2760ae94e736c3d59bf63341fd3436a9528ff993e7e997bd [stream]
[debug] [2021-10-30T10:00:58.413Z] [hosting][populate queue][FINAL] {"max":2105,"min":2105,"avg":2105,"active":0,"complete":1,"success":1,"errored":0,"retried":0,"total":1,"elapsed":2253}
[debug] [2021-10-30T10:00:58.414Z] [hosting] uploads queued: 25
[debug] [2021-10-30T10:01:00.372Z] <<< [apiv2][status] POST https://upload-firebasehosting.googleapis.com/upload/sites/travel-booking-4f19a/versions/354562498a2abc9e/files/eae62e993eb980ec8a25058c39d5a51feab118bd2100c4deebb2a9c158ec11f9 200
[debug] [2021-10-30T10:01:00.372Z] <<< [apiv2][body] POST https://upload-firebasehosting.googleapis.com/upload/sites/travel-booking-4f19a/versions/354562498a2abc9e/files/eae62e993eb980ec8a25058c39d5a51feab118bd2100c4deebb2a9c158ec11f9 [stream]
[debug] [2021-10-30T10:01:00.440Z] <<< [apiv2][status] POST https://upload-firebasehosting.googleapis.com/upload/sites/travel-booking-4f19a/versions/354562498a2abc9e/files/a335ad50a998dfc8245c56b8e90d3dc9a972a58276bd7bd8dc19d91fd29991ba 200
[debug] [2021-10-30T10:01:00.440Z] <<< [apiv2][body] POST https://upload-firebasehosting.googleapis.com/upload/sites/travel-booking-4f19a/versions/354562498a2abc9e/files/a335ad50a998dfc8245c56b8e90d3dc9a972a58276bd7bd8dc19d91fd29991ba [stream]
[debug] [2021-10-30T10:01:00.442Z] <<< [apiv2][status] POST https://upload-firebasehosting.googleapis.com/upload/sites/travel-booking-4f19a/versions/354562498a2abc9e/files/9f78ba14ce055f555aeee6506789c884a3b9cc912127c4b527c220a16b721428 200
[debug] [2021-10-30T10:01:00.443Z] <<< [apiv2][body] POST https://upload-firebasehosting.googleapis.com/upload/sites/travel-booking-4f19a/versions/354562498a2abc9e/files/9f78ba14ce055f555aeee6506789c884a3b9cc912127c4b527c220a16b721428 [stream]
[debug] [2021-10-30T10:01:00.451Z] <<< [apiv2][status] POST https://upload-firebasehosting.googleapis.com/upload/sites/travel-booking-4f19a/versions/354562498a2abc9e/files/68b16697969801057d3e0deb105ae8509867a6ae2629d732d8100d885b17e4c5 200
[debug] [2021-10-30T10:01:00.452Z] <<< [apiv2][body] POST https://upload-firebasehosting.googleapis.com/upload/sites/travel-booking-4f19a/versions/354562498a2abc9e/files/68b16697969801057d3e0deb105ae8509867a6ae2629d732d8100d885b17e4c5 [stream]
[debug] [2021-10-30T10:01:00.488Z] <<< [apiv2][status] POST https://upload-firebasehosting.googleapis.com/upload/sites/travel-booking-4f19a/versions/354562498a2abc9e/files/5182410754e2c8d7e8f30de5176f5ce12618a131f09d5a4dc0dd26558cfc4760 200
[debug] [2021-10-30T10:01:00.489Z] <<< [apiv2][body] POST https://upload-firebasehosting.googleapis.com/upload/sites/travel-booking-4f19a/versions/354562498a2abc9e/files/5182410754e2c8d7e8f30de5176f5ce12618a131f09d5a4dc0dd26558cfc4760 [stream]
[debug] [2021-10-30T10:01:00.507Z] <<< [apiv2][status] POST https://upload-firebasehosting.googleapis.com/upload/sites/travel-booking-4f19a/versions/354562498a2abc9e/files/e865591fb810df90955cc961a6f490c9133a9d19fd608c579b28addb6f394e1b 200
[debug] [2021-10-30T10:01:00.508Z] <<< [apiv2][body] POST https://upload-firebasehosting.googleapis.com/upload/sites/travel-booking-4f19a/versions/354562498a2abc9e/files/e865591fb810df90955cc961a6f490c9133a9d19fd608c579b28addb6f394e1b [stream]
[debug] [2021-10-30T10:01:00.510Z] <<< [apiv2][status] POST https://upload-firebasehosting.googleapis.com/upload/sites/travel-booking-4f19a/versions/354562498a2abc9e/files/192bf5281c142ec2bf7485104c0dc14c5366f9cb2fe2a38ec03e7acf90549194 200
[debug] [2021-10-30T10:01:00.510Z] <<< [apiv2][body] POST https://upload-firebasehosting.googleapis.com/upload/sites/travel-booking-4f19a/versions/354562498a2abc9e/files/192bf5281c142ec2bf7485104c0dc14c5366f9cb2fe2a38ec03e7acf90549194 [stream]
[debug] [2021-10-30T10:01:00.561Z] <<< [apiv2][status] POST https://upload-firebasehosting.googleapis.com/upload/sites/travel-booking-4f19a/versions/354562498a2abc9e/files/8c21f25ac2995b05517e77813fb8e0676562bf3ba815f3bda5c475006cd4620a 200
[debug] [2021-10-30T10:01:00.561Z] <<< [apiv2][body] POST https://upload-firebasehosting.googleapis.com/upload/sites/travel-booking-4f19a/versions/354562498a2abc9e/files/8c21f25ac2995b05517e77813fb8e0676562bf3ba815f3bda5c475006cd4620a [stream]
[debug] [2021-10-30T10:01:00.575Z] <<< [apiv2][status] POST https://upload-firebasehosting.googleapis.com/upload/sites/travel-booking-4f19a/versions/354562498a2abc9e/files/3ee59515172ee198f3be375979df15ac5345183e656720a381b8872b2a39dc8b 200
[debug] [2021-10-30T10:01:00.575Z] <<< [apiv2][body] POST https://upload-firebasehosting.googleapis.com/upload/sites/travel-booking-4f19a/versions/354562498a2abc9e/files/3ee59515172ee198f3be375979df15ac5345183e656720a381b8872b2a39dc8b [stream]
[debug] [2021-10-30T10:01:00.694Z] <<< [apiv2][status] POST https://upload-firebasehosting.googleapis.com/upload/sites/travel-booking-4f19a/versions/354562498a2abc9e/files/bfe106a3fb878dc83461c86818bf74fc1bdc7f28538ba613cd3e775516ce8b49 200
[debug] [2021-10-30T10:01:00.694Z] <<< [apiv2][body] POST https://upload-firebasehosting.googleapis.com/upload/sites/travel-booking-4f19a/versions/354562498a2abc9e/files/bfe106a3fb878dc83461c86818bf74fc1bdc7f28538ba613cd3e775516ce8b49 [stream]
[debug] [2021-10-30T10:01:00.752Z] <<< [apiv2][status] POST https://upload-firebasehosting.googleapis.com/upload/sites/travel-booking-4f19a/versions/354562498a2abc9e/files/6e3cdf3362e6e01e050aa97c696f365c227135a678ac1bbc7eae52585353ec10 200
[debug] [2021-10-30T10:01:00.752Z] <<< [apiv2][body] POST https://upload-firebasehosting.googleapis.com/upload/sites/travel-booking-4f19a/versions/354562498a2abc9e/files/6e3cdf3362e6e01e050aa97c696f365c227135a678ac1bbc7eae52585353ec10 [stream]
[debug] [2021-10-30T10:01:00.915Z] <<< [apiv2][status] POST https://upload-firebasehosting.googleapis.com/upload/sites/travel-booking-4f19a/versions/354562498a2abc9e/files/aff3449bdc238776f5d6d967f19ec491b36aed5fb7f23ccff6500736fd58494a 200
[debug] [2021-10-30T10:01:00.915Z] <<< [apiv2][body] POST https://upload-firebasehosting.googleapis.com/upload/sites/travel-booking-4f19a/versions/354562498a2abc9e/files/aff3449bdc238776f5d6d967f19ec491b36aed5fb7f23ccff6500736fd58494a [stream]
[debug] [2021-10-30T10:01:00.935Z] <<< [apiv2][status] POST https://upload-firebasehosting.googleapis.com/upload/sites/travel-booking-4f19a/versions/354562498a2abc9e/files/72509234cd1d185a2760ae94e736c3d59bf63341fd3436a9528ff993e7e997bd 200
[debug] [2021-10-30T10:01:00.935Z] <<< [apiv2][body] POST https://upload-firebasehosting.googleapis.com/upload/sites/travel-booking-4f19a/versions/354562498a2abc9e/files/72509234cd1d185a2760ae94e736c3d59bf63341fd3436a9528ff993e7e997bd [stream]
[debug] [2021-10-30T10:01:01.021Z] <<< [apiv2][status] POST https://upload-firebasehosting.googleapis.com/upload/sites/travel-booking-4f19a/versions/354562498a2abc9e/files/dbe226006df935f5d1d1d57758370f8240696aff66d2162b122a61643aadb720 200
[debug] [2021-10-30T10:01:01.021Z] <<< [apiv2][body] POST https://upload-firebasehosting.googleapis.com/upload/sites/travel-booking-4f19a/versions/354562498a2abc9e/files/dbe226006df935f5d1d1d57758370f8240696aff66d2162b122a61643aadb720 [stream]
[debug] [2021-10-30T10:01:01.051Z] <<< [apiv2][status] POST https://upload-firebasehosting.googleapis.com/upload/sites/travel-booking-4f19a/versions/354562498a2abc9e/files/5857ffbed2a6369e12e64fb81864ffa6fc1ed115de562d6266d50c393d28fad9 200
[debug] [2021-10-30T10:01:01.051Z] <<< [apiv2][body] POST https://upload-firebasehosting.googleapis.com/upload/sites/travel-booking-4f19a/versions/354562498a2abc9e/files/5857ffbed2a6369e12e64fb81864ffa6fc1ed115de562d6266d50c393d28fad9 [stream]
[debug] [2021-10-30T10:01:01.221Z] <<< [apiv2][status] POST https://upload-firebasehosting.googleapis.com/upload/sites/travel-booking-4f19a/versions/354562498a2abc9e/files/d8b9c83a5411e08e2815581b596c8c1411939b946617fc30bd0e37dc697e4256 200
[debug] [2021-10-30T10:01:01.221Z] <<< [apiv2][body] POST https://upload-firebasehosting.googleapis.com/upload/sites/travel-booking-4f19a/versions/354562498a2abc9e/files/d8b9c83a5411e08e2815581b596c8c1411939b946617fc30bd0e37dc697e4256 [stream]
[debug] [2021-10-30T10:01:01.277Z] <<< [apiv2][status] POST https://upload-firebasehosting.googleapis.com/upload/sites/travel-booking-4f19a/versions/354562498a2abc9e/files/7216d15172fbfd2578c348331c456e66395b29e90d3436ecee9755f136aea70b 200
[debug] [2021-10-30T10:01:01.277Z] <<< [apiv2][body] POST https://upload-firebasehosting.googleapis.com/upload/sites/travel-booking-4f19a/versions/354562498a2abc9e/files/7216d15172fbfd2578c348331c456e66395b29e90d3436ecee9755f136aea70b [stream]
[debug] [2021-10-30T10:01:01.301Z] <<< [apiv2][status] POST https://upload-firebasehosting.googleapis.com/upload/sites/travel-booking-4f19a/versions/354562498a2abc9e/files/3463938187a63390cc7ac2dc0212bae8c67c8fe63897292ce9ee334af91c43a7 200
[debug] [2021-10-30T10:01:01.301Z] <<< [apiv2][body] POST https://upload-firebasehosting.googleapis.com/upload/sites/travel-booking-4f19a/versions/354562498a2abc9e/files/3463938187a63390cc7ac2dc0212bae8c67c8fe63897292ce9ee334af91c43a7 [stream]
[debug] [2021-10-30T10:01:01.305Z] <<< [apiv2][status] POST https://upload-firebasehosting.googleapis.com/upload/sites/travel-booking-4f19a/versions/354562498a2abc9e/files/eb4ac99eb7113540dc56708f4f4a397f1a7333ac3c1a4f5e506521cdcbe58d0e 200
[debug] [2021-10-30T10:01:01.306Z] <<< [apiv2][body] POST https://upload-firebasehosting.googleapis.com/upload/sites/travel-booking-4f19a/versions/354562498a2abc9e/files/eb4ac99eb7113540dc56708f4f4a397f1a7333ac3c1a4f5e506521cdcbe58d0e [stream]
[debug] [2021-10-30T10:01:01.309Z] <<< [apiv2][status] POST https://upload-firebasehosting.googleapis.com/upload/sites/travel-booking-4f19a/versions/354562498a2abc9e/files/eb2fd37f34c72d7c8f5d450f2d9029e50d206335b8a5828842af44ad3f17f906 200
[debug] [2021-10-30T10:01:01.310Z] <<< [apiv2][body] POST https://upload-firebasehosting.googleapis.com/upload/sites/travel-booking-4f19a/versions/354562498a2abc9e/files/eb2fd37f34c72d7c8f5d450f2d9029e50d206335b8a5828842af44ad3f17f906 [stream]
[debug] [2021-10-30T10:01:01.315Z] <<< [apiv2][status] POST https://upload-firebasehosting.googleapis.com/upload/sites/travel-booking-4f19a/versions/354562498a2abc9e/files/ee7e2f3fdb8209c4b6fd7bef6ba50d1b9dba30a25bb5c3126df057e1cb6f5331 200
[debug] [2021-10-30T10:01:01.315Z] <<< [apiv2][body] POST https://upload-firebasehosting.googleapis.com/upload/sites/travel-booking-4f19a/versions/354562498a2abc9e/files/ee7e2f3fdb8209c4b6fd7bef6ba50d1b9dba30a25bb5c3126df057e1cb6f5331 [stream]
[debug] [2021-10-30T10:01:01.340Z] <<< [apiv2][status] POST https://upload-firebasehosting.googleapis.com/upload/sites/travel-booking-4f19a/versions/354562498a2abc9e/files/37f1604f71cce75d6b809c3f935e93594a81c24e582c60c27d57aed0f5f3cfed 200
[debug] [2021-10-30T10:01:01.340Z] <<< [apiv2][body] POST https://upload-firebasehosting.googleapis.com/upload/sites/travel-booking-4f19a/versions/354562498a2abc9e/files/37f1604f71cce75d6b809c3f935e93594a81c24e582c60c27d57aed0f5f3cfed [stream]
[debug] [2021-10-30T10:01:01.413Z] <<< [apiv2][status] POST https://upload-firebasehosting.googleapis.com/upload/sites/travel-booking-4f19a/versions/354562498a2abc9e/files/e00cd4cd68f8f88e9a664ea068d294785d52d226ae90c6cfe2476e109af734b2 200
[debug] [2021-10-30T10:01:01.413Z] <<< [apiv2][body] POST https://upload-firebasehosting.googleapis.com/upload/sites/travel-booking-4f19a/versions/354562498a2abc9e/files/e00cd4cd68f8f88e9a664ea068d294785d52d226ae90c6cfe2476e109af734b2 [stream]
[debug] [2021-10-30T10:01:01.477Z] <<< [apiv2][status] POST https://upload-firebasehosting.googleapis.com/upload/sites/travel-booking-4f19a/versions/354562498a2abc9e/files/b663b44e69199ed300ac553ef5ee63eeceaf004344ad11fd0e807ca4931218bd 200
[debug] [2021-10-30T10:01:01.478Z] <<< [apiv2][body] POST https://upload-firebasehosting.googleapis.com/upload/sites/travel-booking-4f19a/versions/354562498a2abc9e/files/b663b44e69199ed300ac553ef5ee63eeceaf004344ad11fd0e807ca4931218bd [stream]
[debug] [2021-10-30T10:01:01.498Z] <<< [apiv2][status] POST https://upload-firebasehosting.googleapis.com/upload/sites/travel-booking-4f19a/versions/354562498a2abc9e/files/231b29543e2e2dcfd02792891ba784271c0f601379b38cc41344b527728264b0 200
[debug] [2021-10-30T10:01:01.498Z] <<< [apiv2][body] POST https://upload-firebasehosting.googleapis.com/upload/sites/travel-booking-4f19a/versions/354562498a2abc9e/files/231b29543e2e2dcfd02792891ba784271c0f601379b38cc41344b527728264b0 [stream]
[debug] [2021-10-30T10:01:01.499Z] [hosting][upload queue][FINAL] {"max":3266,"min":2111,"avg":2686.24,"active":0,"complete":25,"success":25,"errored":0,"retried":0,"total":25,"elapsed":3272}
[info] +  hosting[travel-booking-4f19a]: file upload complete 
[debug] [2021-10-30T10:01:01.505Z] [hosting] deploy completed after 6291ms
[debug] [2021-10-30T10:01:01.518Z] [
  {
    "config": {
      "public": "build",
      "ignore": [
        "firebase.json",
        "**/.*",
        "**/node_modules/**"
      ],
      "site": "travel-booking-4f19a"
    },
    "site": "travel-booking-4f19a",
    "version": "sites/travel-booking-4f19a/versions/354562498a2abc9e"
  }
]
[info] i  hosting[travel-booking-4f19a]: finalizing version... 
[debug] [2021-10-30T10:01:01.526Z] > refreshing access token with scopes: ["email","https://www.googleapis.com/auth/cloud-platform","https://www.googleapis.com/auth/cloudplatformprojects.readonly","https://www.googleapis.com/auth/firebase","openid"]
[debug] [2021-10-30T10:01:01.526Z] >>> HTTP REQUEST POST https://www.googleapis.com/oauth2/v3/token  
 <request body omitted>
[debug] [2021-10-30T10:01:01.780Z] <<< HTTP RESPONSE 200 {"pragma":"no-cache","date":"Sat, 30 Oct 2021 10:01:33 GMT","cache-control":"no-cache, no-store, max-age=0, must-revalidate","expires":"Mon, 01 Jan 1990 00:00:00 GMT","content-type":"application/json; charset=utf-8","vary":"X-Origin, Referer, Origin,Accept-Encoding","server":"scaffolding on HTTPServer2","x-xss-protection":"0","x-frame-options":"SAMEORIGIN","x-content-type-options":"nosniff","alt-svc":"h3=\":443\"; ma=2592000,h3-29=\":443\"; ma=2592000,h3-Q050=\":443\"; ma=2592000,h3-Q046=\":443\"; ma=2592000,h3-Q043=\":443\"; ma=2592000,quic=\":443\"; ma=2592000; v=\"46,43\"","accept-ranges":"none","transfer-encoding":"chunked"}
[debug] [2021-10-30T10:01:01.864Z] >>> HTTP REQUEST PATCH https://firebasehosting.googleapis.com/v1beta1/sites/travel-booking-4f19a/versions/354562498a2abc9e?updateMask=status  
 {"status":"FINALIZED"}
[debug] [2021-10-30T10:01:03.442Z] <<< HTTP RESPONSE 200 {"content-type":"application/json; charset=UTF-8","vary":"X-Origin, Referer, Origin,Accept-Encoding","date":"Sat, 30 Oct 2021 10:01:34 GMT","server":"ESF","cache-control":"private","x-xss-protection":"0","x-frame-options":"SAMEORIGIN","x-content-type-options":"nosniff","alt-svc":"h3=\":443\"; ma=2592000,h3-29=\":443\"; ma=2592000,h3-Q050=\":443\"; ma=2592000,h3-Q046=\":443\"; ma=2592000,h3-Q043=\":443\"; ma=2592000,quic=\":443\"; ma=2592000; v=\"46,43\"","accept-ranges":"none","transfer-encoding":"chunked"}
[debug] [2021-10-30T10:01:03.443Z] [hosting] finalized version for travel-booking-4f19a: {"name":"sites/travel-booking-4f19a/versions/354562498a2abc9e","status":"FINALIZED","config":{},"labels":{"deployment-tool":"cli-firebase"},"createTime":"2021-10-30T10:01:26.059147Z","createUser":{"email":"mdbabulmiah9901@gmail.com"},"finalizeTime":"2021-10-30T10:01:34.730551Z","finalizeUser":{"email":"mdbabulmiah9901@gmail.com"}}
[info] +  hosting[travel-booking-4f19a]: version finalized 
[info] i  hosting[travel-booking-4f19a]: releasing new version... 
[debug] [2021-10-30T10:01:03.448Z] >>> HTTP REQUEST POST https://firebasehosting.googleapis.com/v1beta1/sites/travel-booking-4f19a/releases?version_name=sites/travel-booking-4f19a/versions/354562498a2abc9e  
 {"message":null}
[debug] [2021-10-30T10:01:05.072Z] <<< HTTP RESPONSE 200 {"content-type":"application/json; charset=UTF-8","vary":"X-Origin, Referer, Origin,Accept-Encoding","date":"Sat, 30 Oct 2021 10:01:36 GMT","server":"ESF","cache-control":"private","x-xss-protection":"0","x-frame-options":"SAMEORIGIN","x-content-type-options":"nosniff","alt-svc":"h3=\":443\"; ma=2592000,h3-29=\":443\"; ma=2592000,h3-Q050=\":443\"; ma=2592000,h3-Q046=\":443\"; ma=2592000,h3-Q043=\":443\"; ma=2592000,quic=\":443\"; ma=2592000; v=\"46,43\"","accept-ranges":"none","transfer-encoding":"chunked"}
[debug] [2021-10-30T10:01:05.073Z] [hosting] release: {"name":"sites/travel-booking-4f19a/releases/1635588095826640","version":{"name":"sites/travel-booking-4f19a/versions/354562498a2abc9e","status":"FINALIZED","config":{},"labels":{"deployment-tool":"cli-firebase"},"createTime":"2021-10-30T10:01:26.059147Z","createUser":{"email":"mdbabulmiah9901@gmail.com"},"finalizeTime":"2021-10-30T10:01:34.730551Z","finalizeUser":{"email":"mdbabulmiah9901@gmail.com"}},"type":"DEPLOY","releaseTime":"2021-10-30T10:01:35.826640260Z","releaseUser":{"email":"mdbabulmiah9901@gmail.com"}}
[info] +  hosting[travel-booking-4f19a]: release complete 
[info] 
[info] +  Deploy complete! 
[info] 
[info] Project Console: https://console.firebase.google.com/project/travel-booking-4f19a/overview
[info] Hosting URL: https://travel-booking-4f19a.web.app
